<?xml version="1.0" encoding="UTF-8"?>
<testng-results ignored="1" total="2" passed="1" failed="0" skipped="0">
  <reporter-output>
  </reporter-output>
  <suite started-at="2022-01-03T20:04:05 PST" name="Default suite" finished-at="2022-01-03T20:04:05 PST" duration-ms="206">
    <groups>
    </groups>
    <test started-at="2022-01-03T20:04:05 PST" name="Default test" finished-at="2022-01-03T20:04:05 PST" duration-ms="206">
      <class name="qaclickacademy.SeleniumTest">
        <test-method signature="elements()[pri:0, instance:qaclickacademy.SeleniumTest@5136d012]" started-at="2022-01-03T20:04:05 PST" name="elements" finished-at="2022-01-03T20:04:05 PST" duration-ms="36" status="PASS">
          <reporter-output>
          </reporter-output>
        </test-method> <!-- elements -->
      </class> <!-- qaclickacademy.SeleniumTest -->
    </test> <!-- Default test -->
  </suite> <!-- Default suite -->
</testng-results>
